<?xml version="1.0" encoding="UTF-8"?>
<testng-results skipped="0" failed="0" ignored="0" total="1" passed="1">
  <reporter-output>
  </reporter-output>
  <suite name="sample test suite" duration-ms="32003" started-at="2021-10-13T09:52:50 IST" finished-at="2021-10-13T09:53:22 IST">
    <groups>
    </groups>
    <test name="Login Test" duration-ms="32003" started-at="2021-10-13T09:52:50 IST" finished-at="2021-10-13T09:53:22 IST">
      <class name="com.selenium.examples.LoginExample">
        <test-method status="PASS" signature="logintest()[pri:0, instance:com.selenium.examples.LoginExample@67bd351e]" name="logintest" duration-ms="31941" started-at="2021-10-13T09:52:50 IST" finished-at="2021-10-13T09:53:22 IST">
          <reporter-output>
          </reporter-output>
        </test-method> <!-- logintest -->
      </class> <!-- com.selenium.examples.LoginExample -->
    </test> <!-- Login Test -->
  </suite> <!-- sample test suite -->
</testng-results>
