<?xml version="1.0" encoding="UTF-8"?>
<testng-results ignored="0" total="1" passed="1" failed="0" skipped="0">
  <reporter-output>
  </reporter-output>
  <suite started-at="2021-10-13T09:45:00 IST" name="sample test suite" finished-at="2021-10-13T09:45:31 IST" duration-ms="31018">
    <groups>
    </groups>
    <test started-at="2021-10-13T09:45:00 IST" name="Login Test" finished-at="2021-10-13T09:45:31 IST" duration-ms="31018">
      <class name="com.selenium.examples.LoginExample">
        <test-method signature="logintest()[pri:0, instance:com.selenium.examples.LoginExample@446293d]" started-at="2021-10-13T09:45:00 IST" name="logintest" finished-at="2021-10-13T09:45:31 IST" duration-ms="30950" status="PASS">
          <reporter-output>
          </reporter-output>
        </test-method> <!-- logintest -->
      </class> <!-- com.selenium.examples.LoginExample -->
    </test> <!-- Login Test -->
  </suite> <!-- sample test suite -->
</testng-results>
